Build started 2/7/2018 4:29:37 AM.
     1>Project "D:\Zombie Apocalypse Full\Zombie Apocalypse\Zombie Apocalypse\Zombie Apocalypse.vcxproj" on node 2 (build target(s)).
     1>PrepareForBuild:
         Creating directory "D:\Zombie Apocalypse Full\Zombie Apocalypse\Debug\".
       InitializeBuildStatus:
         Creating "Debug\Zombie Apocalypse.unsuccessfulbuild" because "AlwaysCreate" was specified.
       ClCompile:
         C:\Program Files (x86)\Microsoft Visual Studio 10.0\VC\bin\CL.exe /c /ZI /nologo /W3 /WX- /Od /Oy- /D _MBCS /Gm /EHsc /RTC1 /MDd /GS /fp:precise /Zc:wchar_t /Zc:forScope /Fo"Debug\\" /Fd"Debug\vc100.pdb" /Gd /TP /analyze- /errorReport:prompt "E:\Lectures\Arafat\Zombie Apocalyps\Zombie Apocalyps\iMain.cpp"
         iMain.cpp
       Link:
         C:\Program Files (x86)\Microsoft Visual Studio 10.0\VC\bin\link.exe /ERRORREPORT:PROMPT /OUT:"D:\Zombie Apocalypse Full\Zombie Apocalypse\Debug\Zombie Apocalypse.exe" /NOLOGO kernel32.lib user32.lib gdi32.lib winspool.lib comdlg32.lib advapi32.lib shell32.lib ole32.lib oleaut32.lib uuid.lib odbc32.lib odbccp32.lib /MANIFEST /ManifestFile:"Debug\Zombie Apocalypse.exe.intermediate.manifest" /MANIFESTUAC:"level='asInvoker' uiAccess='false'" /DEBUG /PDB:"D:\Zombie Apocalypse Full\Zombie Apocalypse\Debug\Zombie Apocalypse.pdb" /TLBID:1 /DYNAMICBASE /NXCOMPAT /IMPLIB:"D:\Zombie Apocalypse Full\Zombie Apocalypse\Debug\Zombie Apocalypse.lib" /MACHINE:X86 Debug\iMain.obj
         "E:\Lectures\Arafat\Zombie Apocalyps\Zombie Apocalyps\Glaux.lib"
         "E:\Lectures\Arafat\Zombie Apocalyps\Zombie Apocalyps\GLUT32.LIB"
         Zombie Apocalypse.vcxproj -> D:\Zombie Apocalypse Full\Zombie Apocalypse\Debug\Zombie Apocalypse.exe
       Manifest:
         C:\Program Files (x86)\Microsoft SDKs\Windows\v7.0A\bin\mt.exe /nologo /verbose /outputresource:"D:\Zombie Apocalypse Full\Zombie Apocalypse\Debug\Zombie Apocalypse.exe;#1" /manifest "Debug\Zombie Apocalypse.exe.intermediate.manifest"
       FinalizeBuildStatus:
         Deleting file "Debug\Zombie Apocalypse.unsuccessfulbuild".
         Touching "Debug\Zombie Apocalypse.lastbuildstate".
     1>Done Building Project "D:\Zombie Apocalypse Full\Zombie Apocalypse\Zombie Apocalypse\Zombie Apocalypse.vcxproj" (build target(s)).

Build succeeded.

Time Elapsed 00:00:02.20
